Flutter crash report; please file at https://github.com/flutter/flutter/issues.

## command

flutter run

## exception

NoSuchMethodError: NoSuchMethodError: The method 'matchAsPrefix' was called on null.
Receiver: null
Tried calling: matchAsPrefix("    var _newFile = FileInfo(", 0)

```
#0      Object.noSuchMethod (dart:core-patch/object_patch.dart:51:5)
#1      _StringBase.startsWith (dart:core-patch/string_patch.dart:331:20)
#2      StdoutHandler.handler (package:flutter_tools/src/compile.dart:109:17)
#3      _rootRunUnary (dart:async/zone.dart:1132:38)
#4      _CustomZone.runUnary (dart:async/zone.dart:1029:19)
#5      _CustomZone.runUnaryGuarded (dart:async/zone.dart:931:7)
#6      _BufferingStreamSubscription._sendData (dart:async/stream_impl.dart:336:11)
#7      _BufferingStreamSubscription._add (dart:async/stream_impl.dart:263:7)
#8      _SinkTransformerStreamSubscription._add (dart:async/stream_transformers.dart:68:11)
#9      _EventSinkWrapper.add (dart:async/stream_transformers.dart:15:11)
#10     _StringAdapterSink.add (dart:convert/string_conversion.dart:236:11)
#11     _LineSplitterSink._addLines (dart:convert/line_splitter.dart:150:13)
#12     _LineSplitterSink.addSlice (dart:convert/line_splitter.dart:125:5)
#13     StringConversionSinkMixin.add (dart:convert/string_conversion.dart:163:5)
#14     _SinkTransformerStreamSubscription._handleData (dart:async/stream_transformers.dart:120:24)
#15     _rootRunUnary (dart:async/zone.dart:1132:38)
#16     _CustomZone.runUnary (dart:async/zone.dart:1029:19)
#17     _CustomZone.runUnaryGuarded (dart:async/zone.dart:931:7)
#18     _BufferingStreamSubscription._sendData (dart:async/stream_impl.dart:336:11)
#19     _BufferingStreamSubscription._add (dart:async/stream_impl.dart:263:7)
#20     _SinkTransformerStreamSubscription._add (dart:async/stream_transformers.dart:68:11)
#21     _EventSinkWrapper.add (dart:async/stream_transformers.dart:15:11)
#22     _StringAdapterSink.add (dart:convert/string_conversion.dart:236:11)
#23     _StringAdapterSink.addSlice (dart:convert/string_conversion.dart:241:7)
#24     _Utf8ConversionSink.addSlice (dart:convert/string_conversion.dart:312:20)
#25     _Utf8ConversionSink.add (dart:convert/string_conversion.dart:305:5)
#26     _ConverterStreamEventSink.add (dart:convert/chunked_conversion.dart:72:18)
#27     _SinkTransformerStreamSubscription._handleData (dart:async/stream_transformers.dart:120:24)
#28     _rootRunUnary (dart:async/zone.dart:1132:38)
#29     _CustomZone.runUnary (dart:async/zone.dart:1029:19)
#30     _CustomZone.runUnaryGuarded (dart:async/zone.dart:931:7)
#31     _BufferingStreamSubscription._sendData (dart:async/stream_impl.dart:336:11)
#32     _BufferingStreamSubscription._add (dart:async/stream_impl.dart:263:7)
#33     _SyncStreamControllerDispatch._sendData (dart:async/stream_controller.dart:764:19)
#34     _StreamController._add (dart:async/stream_controller.dart:640:7)
#35     _StreamController.add (dart:async/stream_controller.dart:586:5)
#36     _Socket._onData (dart:io-patch/socket_patch.dart:1791:41)
#37     _rootRunUnary (dart:async/zone.dart:1136:13)
#38     _CustomZone.runUnary (dart:async/zone.dart:1029:19)
#39     _CustomZone.runUnaryGuarded (dart:async/zone.dart:931:7)
#40     _BufferingStreamSubscription._sendData (dart:async/stream_impl.dart:336:11)
#41     _BufferingStreamSubscription._add (dart:async/stream_impl.dart:263:7)
#42     _SyncStreamControllerDispatch._sendData (dart:async/stream_controller.dart:764:19)
#43     _StreamController._add (dart:async/stream_controller.dart:640:7)
#44     _StreamController.add (dart:async/stream_controller.dart:586:5)
#45     new _RawSocket.<anonymous closure> (dart:io-patch/socket_patch.dart:1339:33)
#46     _NativeSocket.issueReadEvent.issue (dart:io-patch/socket_patch.dart:860:14)
#47     _microtaskLoop (dart:async/schedule_microtask.dart:41:21)
#48     _startMicrotaskLoop (dart:async/schedule_microtask.dart:50:5)
#49     _runPendingImmediateCallback (dart:isolate-patch/isolate_patch.dart:116:13)
#50     _RawReceivePortImpl._handleMessage (dart:isolate-patch/isolate_patch.dart:173:5)
```

## flutter doctor

```
[32m[✓][39m Flutter (Channel stable, v1.9.1+hotfix.6, on Mac OS X 10.15.1 19B88, locale en-MN)
    [32m•[39m Flutter version 1.9.1+hotfix.6 at /Users/zemunkh/development/tools/flutter
    [32m•[39m Framework revision 68587a0916 (3 months ago), 2019-09-13 19:46:58 -0700
    [32m•[39m Engine revision b863200c37
    [32m•[39m Dart version 2.5.0

[32m[✓][39m Android toolchain - develop for Android devices (Android SDK version 29.0.2)
    [32m•[39m Android SDK at /Users/zemunkh/Library/Android/sdk
    [32m•[39m Android NDK location not configured (optional; useful for native profiling support)
    [32m•[39m Platform android-29, build-tools 29.0.2
    [32m•[39m Java binary at: /Applications/Android Studio.app/Contents/jre/jdk/Contents/Home/bin/java
    [32m•[39m Java version OpenJDK Runtime Environment (build 1.8.0_202-release-1483-b49-5587405)
    [32m•[39m All Android licenses accepted.

[32m[✓][39m Xcode - develop for iOS and macOS (Xcode 11.1)
    [32m•[39m Xcode at /Applications/Xcode.app/Contents/Developer
    [32m•[39m Xcode 11.1, Build version 11A1027
    [32m•[39m CocoaPods version 1.8.3

[32m[✓][39m Android Studio (version 3.5)
    [32m•[39m Android Studio at /Applications/Android Studio.app/Contents
    [32m•[39m Flutter plugin version 39.0.3
    [32m•[39m Dart plugin version 191.8423
    [32m•[39m Java version OpenJDK Runtime Environment (build 1.8.0_202-release-1483-b49-5587405)

[32m[✓][39m VS Code (version 1.40.2)
    [32m•[39m VS Code at /Applications/Visual Studio Code.app/Contents
    [32m•[39m Flutter extension version 3.7.0

[32m[✓][39m Connected device (1 available)
    [32m•[39m Android SDK built for x86 • emulator-5554 • android-x86 • Android 10 (API 29) (emulator)

[32m•[39m No issues found!
```

[32m•[39m No issues found!
```
d!
```
ssues found!
```
sues found!
```

